[08/31/25 07:00 AM ]Both license storage C:\ProgramData\Embarcadero\.licenses\.cg_license and backup file are missing. Will create new ones.
[08/31/25 07:00 AM ]----------------------------------------
[08/31/25 07:00 AM ]Operating System: Windows
[08/31/25 07:00 AM ]Current User: thepr
[08/31/25 07:00 AM ]System Registration Key: 12955763
[08/31/25 07:00 AM ]Node Lock: NVSZ3VRRIAFA
[08/31/25 07:00 AM ]
[08/31/25 07:00 AM ]----------------------------------------
[08/31/25 07:00 AM ]----------------------------------------
[08/31/25 07:00 AM ]Operating System: Windows
[08/31/25 07:00 AM ]Current User: thepr
[08/31/25 07:00 AM ]System Registration Key: 12955763
[08/31/25 07:00 AM ]Node Lock: NVSZ3VRRIAFA
[08/31/25 07:00 AM ]
[08/31/25 07:00 AM ]----------------------------------------
[08/31/25 07:00 AM ]----------------------------------------
[08/31/25 07:00 AM ]Operating System: Windows
[08/31/25 07:00 AM ]Current User: thepr
[08/31/25 07:00 AM ]System Registration Key: 12955763
[08/31/25 07:00 AM ]Node Lock: NVSZ3VRRIAFA
[08/31/25 07:00 AM ]
[08/31/25 07:00 AM ]----------------------------------------
[08/31/25 07:01 AM ]----------------------------------------
[08/31/25 07:01 AM ]Operating System: Windows
[08/31/25 07:01 AM ]Current User: thepr
[08/31/25 07:01 AM ]System Registration Key: 12955763
[08/31/25 07:01 AM ]Node Lock: NVSZ3VRRIAFA
[08/31/25 07:01 AM ]
[08/31/25 07:01 AM ]----------------------------------------
[08/31/25 07:01 AM ]----------------------------------------
[08/31/25 07:01 AM ]Operating System: Windows
[08/31/25 07:01 AM ]Current User: thepr
[08/31/25 07:01 AM ]System Registration Key: 12955763
[08/31/25 07:01 AM ]Node Lock: NVSZ3VRRIAFA
[08/31/25 07:01 AM ]
[08/31/25 07:01 AM ]----------------------------------------
[08/31/25 07:01 AM ]----------------------------------------
[08/31/25 07:01 AM ]Operating System: Windows
[08/31/25 07:01 AM ]Current User: thepr
[08/31/25 07:01 AM ]System Registration Key: 12955763
[08/31/25 07:01 AM ]Node Lock: NVSZ3VRRIAFA
[08/31/25 07:01 AM ]
[08/31/25 07:01 AM ]----------------------------------------
[08/31/25 07:01 AM ]----------------------------------------
[08/31/25 07:01 AM ]Operating System: Windows
[08/31/25 07:01 AM ]Current User: thepr
[08/31/25 07:01 AM ]System Registration Key: 12955763
[08/31/25 07:01 AM ]Node Lock: NVSZ3VRRIAFA
[08/31/25 07:01 AM ]
[08/31/25 07:01 AM ]----------------------------------------
[08/31/25 07:01 AM ]----------------------------------------
[08/31/25 07:01 AM ]Operating System: Windows
[08/31/25 07:01 AM ]Current User: thepr
[08/31/25 07:01 AM ]System Registration Key: 12955763
[08/31/25 07:01 AM ]Node Lock: NVSZ3VRRIAFA
[08/31/25 07:01 AM ]
[08/31/25 07:01 AM ]----------------------------------------
[08/31/25 07:02 AM ]----------------------------------------
[08/31/25 07:02 AM ]Operating System: Windows
[08/31/25 07:02 AM ]Current User: thepr
[08/31/25 07:02 AM ]System Registration Key: 12955763
[08/31/25 07:02 AM ]Node Lock: NVSZ3VRRIAFA
[08/31/25 07:02 AM ]
[08/31/25 07:02 AM ]----------------------------------------
[08/31/25 07:02 AM ]----------------------------------------
[08/31/25 07:02 AM ]Operating System: Windows
[08/31/25 07:02 AM ]Current User: thepr
[08/31/25 07:02 AM ]System Registration Key: 12955763
[08/31/25 07:02 AM ]Node Lock: NVSZ3VRRIAFA
[08/31/25 07:02 AM ]
[08/31/25 07:02 AM ]----------------------------------------
[08/31/25 07:05 AM ]----------------------------------------
[08/31/25 07:05 AM ]Operating System: Windows
[08/31/25 07:05 AM ]Current User: thepr
[08/31/25 07:05 AM ]System Registration Key: 12955763
[08/31/25 07:05 AM ]Node Lock: NVSZ3VRRIAFA
[08/31/25 07:05 AM ]
[08/31/25 07:05 AM ]----------------------------------------
[08/31/25 07:05 AM ]
[08/31/25 07:05 AM ]
[08/31/25 07:05 AM ]License: Delphi 12.1 Athens Community Edition yr 2
[08/31/25 07:05 AM ]Registration Key=12955763
[08/31/25 07:05 AM ]Serial Number=54HD-89NKHU-6ZNBCG-DCZD
[08/31/25 07:05 AM ]----------------------------------------
[08/31/25 07:05 AM ]Operating System: Windows
[08/31/25 07:05 AM ]Current User: thepr
[08/31/25 07:05 AM ]System Registration Key: 12955763
[08/31/25 07:05 AM ]Node Lock: NVSZ3VRRIAFA
[08/31/25 07:05 AM ]
[08/31/25 07:05 AM ]----------------------------------------
[08/31/25 07:05 AM ]
[08/31/25 07:05 AM ]
[08/31/25 07:05 AM ]License: Delphi 12.1 Athens Community Edition yr 2
[08/31/25 07:05 AM ]Registration Key=12955763
[08/31/25 07:05 AM ]Serial Number=54HD-89NKHU-6ZNBCG-DCZD
[08/31/25 07:05 AM ]----------------------------------------
[08/31/25 07:05 AM ]Operating System: Windows
[08/31/25 07:05 AM ]Current User: thepr
[08/31/25 07:05 AM ]System Registration Key: 12955763
[08/31/25 07:05 AM ]Node Lock: NVSZ3VRRIAFA
[08/31/25 07:05 AM ]
[08/31/25 07:05 AM ]----------------------------------------
[08/31/25 07:05 AM ]
[08/31/25 07:05 AM ]
[08/31/25 07:05 AM ]License: Delphi 12.1 Athens Community Edition yr 2
[08/31/25 07:05 AM ]Registration Key=12955763
[08/31/25 07:05 AM ]Serial Number=54HD-89NKHU-6ZNBCG-DCZD
[08/31/25 07:07 AM ]----------------------------------------
[08/31/25 07:07 AM ]Operating System: Windows
[08/31/25 07:07 AM ]Current User: thepr
[08/31/25 07:07 AM ]System Registration Key: 12955763
[08/31/25 07:07 AM ]Node Lock: NVSZ3VRRIAFA
[08/31/25 07:07 AM ]
[08/31/25 07:07 AM ]----------------------------------------
[08/31/25 07:07 AM ]
[08/31/25 07:07 AM ]
[08/31/25 07:07 AM ]License: Delphi 12.1 Athens Community Edition yr 2
[08/31/25 07:07 AM ]Registration Key=12955763
[08/31/25 07:07 AM ]Serial Number=54HD-89NKHU-6ZNBCG-DCZD
[08/31/25 07:07 AM ]
[08/31/25 07:07 AM ]
[08/31/25 07:07 AM ]License: Delphi 12.1 Athens Community Edition yr 2
[08/31/25 07:07 AM ]Registration Key=12955763
[08/31/25 07:07 AM ]Serial Number=54HD-89NKHU-6ZNBCG-DCZD
[08/31/25 07:23 AM ]----------------------------------------
[08/31/25 07:23 AM ]Operating System: Windows
[08/31/25 07:23 AM ]Current User: thepr
[08/31/25 07:23 AM ]System Registration Key: 12955763
[08/31/25 07:23 AM ]Node Lock: NVSZ3VRRIAFA
[08/31/25 07:23 AM ]
[08/31/25 07:23 AM ]----------------------------------------
[08/31/25 07:23 AM ]
[08/31/25 07:23 AM ]
[08/31/25 07:23 AM ]License: Delphi 12.1 Athens Community Edition yr 2
[08/31/25 07:23 AM ]Registration Key=12955763
[08/31/25 07:23 AM ]Serial Number=54HD-89NKHU-6ZNBCG-DCZD
[08/31/25 07:23 AM ]
[08/31/25 07:23 AM ]
[08/31/25 07:23 AM ]License: Delphi 12.1 Athens Community Edition yr 2
[08/31/25 07:23 AM ]Registration Key=12955763
[08/31/25 07:23 AM ]Serial Number=54HD-89NKHU-6ZNBCG-DCZD
[08/31/25 12:21 PM ]----------------------------------------
[08/31/25 12:21 PM ]Operating System: Windows
[08/31/25 12:21 PM ]Current User: thepr
[08/31/25 12:21 PM ]System Registration Key: 12955763
[08/31/25 12:21 PM ]Node Lock: NVSZ3VRRIAFA
[08/31/25 12:21 PM ]
[08/31/25 12:21 PM ]----------------------------------------
[08/31/25 12:21 PM ]
[08/31/25 12:21 PM ]
[08/31/25 12:21 PM ]License: Delphi 12.1 Athens Community Edition yr 2
[08/31/25 12:21 PM ]Registration Key=12955763
[08/31/25 12:21 PM ]Serial Number=54HD-89NKHU-6ZNBCG-DCZD
[08/31/25 12:21 PM ]
[08/31/25 12:21 PM ]
[08/31/25 12:21 PM ]License: Delphi 12.1 Athens Community Edition yr 2
[08/31/25 12:21 PM ]Registration Key=12955763
[08/31/25 12:21 PM ]Serial Number=54HD-89NKHU-6ZNBCG-DCZD
[08/31/25 12:22 PM ]----------------------------------------
[08/31/25 12:22 PM ]Operating System: Windows
[08/31/25 12:22 PM ]Current User: thepr
[08/31/25 12:22 PM ]System Registration Key: 12955763
[08/31/25 12:22 PM ]Node Lock: NVSZ3VRRIAFA
[08/31/25 12:22 PM ]
[08/31/25 12:22 PM ]----------------------------------------
[08/31/25 12:22 PM ]Unreg #0 54HD-89NKHU-6ZNBCG-DCZD
[08/31/25 12:22 PM ]
[08/31/25 12:22 PM ]
[08/31/25 12:22 PM ]License: Delphi 12.1 Athens Community Edition yr 2
[08/31/25 12:22 PM ]Registration Key=12955763
[08/31/25 12:22 PM ]Serial Number=54HD-89NKHU-6ZNBCG-DCZD
[08/31/25 12:22 PM ]
[08/31/25 12:22 PM ]
[08/31/25 12:22 PM ]License: Delphi 12.1 Athens Community Edition yr 2
[08/31/25 12:22 PM ]Registration Key=12955763
[08/31/25 12:22 PM ]Serial Number=54HD-89NKHU-6ZNBCG-DCZD
[08/31/25 12:22 PM ]----------------------------------------
[08/31/25 12:22 PM ]Operating System: Windows
[08/31/25 12:22 PM ]Current User: thepr
[08/31/25 12:22 PM ]System Registration Key: 12955763
[08/31/25 12:22 PM ]Node Lock: NVSZ3VRRIAFA
[08/31/25 12:22 PM ]
[08/31/25 12:22 PM ]----------------------------------------
[08/31/25 12:22 PM ]Unreg #0 54HD-89NKHU-6ZNBCG-DCZD
[08/31/25 12:22 PM ]
[08/31/25 12:22 PM ]
[08/31/25 12:22 PM ]License: Delphi 12.1 Athens Community Edition yr 2
[08/31/25 12:22 PM ]Registration Key=12955763
[08/31/25 12:22 PM ]Serial Number=54HD-89NKHU-6ZNBCG-DCZD
[08/31/25 12:22 PM ]
[08/31/25 12:22 PM ]
[08/31/25 12:22 PM ]License: Delphi 12.1 Athens Community Edition yr 2
[08/31/25 12:22 PM ]Registration Key=12955763
[08/31/25 12:22 PM ]Serial Number=54HD-89NKHU-6ZNBCG-DCZD
[08/31/25 12:22 PM ]----------------------------------------
[08/31/25 12:22 PM ]Operating System: Windows
[08/31/25 12:22 PM ]Current User: thepr
[08/31/25 12:22 PM ]System Registration Key: 12955763
[08/31/25 12:22 PM ]Node Lock: NVSZ3VRRIAFA
[08/31/25 12:22 PM ]
[08/31/25 12:22 PM ]----------------------------------------
[08/31/25 12:22 PM ]Unreg #0 54HD-89NKHU-6ZNBCG-DCZD
[08/31/25 12:22 PM ]
[08/31/25 12:22 PM ]
[08/31/25 12:22 PM ]License: Delphi 12.1 Athens Community Edition yr 2
[08/31/25 12:22 PM ]Registration Key=12955763
[08/31/25 12:22 PM ]Serial Number=54HD-89NKHU-6ZNBCG-DCZD
[08/31/25 12:22 PM ]
[08/31/25 12:22 PM ]
[08/31/25 12:22 PM ]License: Delphi 12.1 Athens Community Edition yr 2
[08/31/25 12:22 PM ]Registration Key=12955763
[08/31/25 12:22 PM ]Serial Number=54HD-89NKHU-6ZNBCG-DCZD
[08/31/25 12:22 PM ]----------------------------------------
[08/31/25 12:22 PM ]Operating System: Windows
[08/31/25 12:22 PM ]Current User: thepr
[08/31/25 12:22 PM ]System Registration Key: 12955763
[08/31/25 12:22 PM ]Node Lock: NVSZ3VRRIAFA
[08/31/25 12:22 PM ]
[08/31/25 12:22 PM ]----------------------------------------
[08/31/25 12:22 PM ]Unreg #0 54HD-89NKHU-6ZNBCG-DCZD
[08/31/25 12:22 PM ]
[08/31/25 12:22 PM ]
[08/31/25 12:22 PM ]License: Delphi 12.1 Athens Community Edition yr 2
[08/31/25 12:22 PM ]Registration Key=12955763
[08/31/25 12:22 PM ]Serial Number=54HD-89NKHU-6ZNBCG-DCZD
[08/31/25 12:22 PM ]
[08/31/25 12:22 PM ]
[08/31/25 12:22 PM ]License: Delphi 12.1 Athens Community Edition yr 2
[08/31/25 12:22 PM ]Registration Key=12955763
[08/31/25 12:22 PM ]Serial Number=54HD-89NKHU-6ZNBCG-DCZD
[08/31/25 12:22 PM ]----------------------------------------
[08/31/25 12:22 PM ]Operating System: Windows
[08/31/25 12:22 PM ]Current User: thepr
[08/31/25 12:22 PM ]System Registration Key: 12955763
[08/31/25 12:22 PM ]Node Lock: NVSZ3VRRIAFA
[08/31/25 12:22 PM ]
[08/31/25 12:22 PM ]----------------------------------------
[08/31/25 12:22 PM ]Unreg #0 54HD-89NKHU-6ZNBCG-DCZD
[08/31/25 12:22 PM ]
[08/31/25 12:22 PM ]
[08/31/25 12:22 PM ]License: Delphi 12.1 Athens Community Edition yr 2
[08/31/25 12:22 PM ]Registration Key=12955763
[08/31/25 12:22 PM ]Serial Number=54HD-89NKHU-6ZNBCG-DCZD
[08/31/25 12:22 PM ]
[08/31/25 12:22 PM ]
[08/31/25 12:22 PM ]License: Delphi 12.1 Athens Community Edition yr 2
[08/31/25 12:22 PM ]Registration Key=12955763
[08/31/25 12:22 PM ]Serial Number=54HD-89NKHU-6ZNBCG-DCZD
[08/31/25 12:22 PM ]----------------------------------------
[08/31/25 12:22 PM ]Operating System: Windows
[08/31/25 12:22 PM ]Current User: thepr
[08/31/25 12:22 PM ]System Registration Key: 12955763
[08/31/25 12:22 PM ]Node Lock: NVSZ3VRRIAFA
[08/31/25 12:22 PM ]
[08/31/25 12:22 PM ]----------------------------------------
[08/31/25 12:22 PM ]Unreg #0 54HD-89NKHU-6ZNBCG-DCZD
[08/31/25 12:22 PM ]
[08/31/25 12:22 PM ]
[08/31/25 12:22 PM ]License: Delphi 12.1 Athens Community Edition yr 2
[08/31/25 12:22 PM ]Registration Key=12955763
[08/31/25 12:22 PM ]Serial Number=54HD-89NKHU-6ZNBCG-DCZD
[08/31/25 12:22 PM ]
[08/31/25 12:22 PM ]
[08/31/25 12:22 PM ]License: Delphi 12.1 Athens Community Edition yr 2
[08/31/25 12:22 PM ]Registration Key=12955763
[08/31/25 12:22 PM ]Serial Number=54HD-89NKHU-6ZNBCG-DCZD
[08/31/25 12:22 PM ]----------------------------------------
[08/31/25 12:22 PM ]Operating System: Windows
[08/31/25 12:22 PM ]Current User: thepr
[08/31/25 12:22 PM ]System Registration Key: 12955763
[08/31/25 12:22 PM ]Node Lock: NVSZ3VRRIAFA
[08/31/25 12:22 PM ]
[08/31/25 12:22 PM ]----------------------------------------
[08/31/25 12:22 PM ]Unreg #0 54HD-89NKHU-6ZNBCG-DCZD
[08/31/25 12:22 PM ]
[08/31/25 12:22 PM ]
[08/31/25 12:22 PM ]License: Delphi 12.1 Athens Community Edition yr 2
[08/31/25 12:22 PM ]Registration Key=12955763
[08/31/25 12:22 PM ]Serial Number=54HD-89NKHU-6ZNBCG-DCZD
[08/31/25 12:22 PM ]
[08/31/25 12:22 PM ]
[08/31/25 12:22 PM ]License: Delphi 12.1 Athens Community Edition yr 2
[08/31/25 12:22 PM ]Registration Key=12955763
[08/31/25 12:22 PM ]Serial Number=54HD-89NKHU-6ZNBCG-DCZD
[08/31/25 12:22 PM ]----------------------------------------
[08/31/25 12:22 PM ]Operating System: Windows
[08/31/25 12:22 PM ]Current User: thepr
[08/31/25 12:22 PM ]System Registration Key: 12955763
[08/31/25 12:22 PM ]Node Lock: NVSZ3VRRIAFA
[08/31/25 12:22 PM ]
[08/31/25 12:22 PM ]----------------------------------------
[08/31/25 12:22 PM ]Unreg #0 54HD-89NKHU-6ZNBCG-DCZD
[08/31/25 12:22 PM ]
[08/31/25 12:22 PM ]
[08/31/25 12:22 PM ]License: Delphi 12.1 Athens Community Edition yr 2
[08/31/25 12:22 PM ]Registration Key=12955763
[08/31/25 12:22 PM ]Serial Number=54HD-89NKHU-6ZNBCG-DCZD
[08/31/25 12:22 PM ]
[08/31/25 12:22 PM ]
[08/31/25 12:22 PM ]License: Delphi 12.1 Athens Community Edition yr 2
[08/31/25 12:22 PM ]Registration Key=12955763
[08/31/25 12:22 PM ]Serial Number=54HD-89NKHU-6ZNBCG-DCZD
[08/31/25 12:22 PM ]----------------------------------------
[08/31/25 12:22 PM ]Operating System: Windows
[08/31/25 12:22 PM ]Current User: thepr
[08/31/25 12:22 PM ]System Registration Key: 12955763
[08/31/25 12:22 PM ]Node Lock: NVSZ3VRRIAFA
[08/31/25 12:22 PM ]
[08/31/25 12:22 PM ]----------------------------------------
[08/31/25 12:22 PM ]Unreg #0 54HD-89NKHU-6ZNBCG-DCZD
[08/31/25 12:22 PM ]
[08/31/25 12:22 PM ]
[08/31/25 12:22 PM ]License: Delphi 12.1 Athens Community Edition yr 2
[08/31/25 12:22 PM ]Registration Key=12955763
[08/31/25 12:22 PM ]Serial Number=54HD-89NKHU-6ZNBCG-DCZD
[08/31/25 12:22 PM ]
[08/31/25 12:22 PM ]
[08/31/25 12:22 PM ]License: Delphi 12.1 Athens Community Edition yr 2
[08/31/25 12:22 PM ]Registration Key=12955763
[08/31/25 12:22 PM ]Serial Number=54HD-89NKHU-6ZNBCG-DCZD
[08/31/25 12:22 PM ]----------------------------------------
[08/31/25 12:22 PM ]Operating System: Windows
[08/31/25 12:22 PM ]Current User: thepr
[08/31/25 12:22 PM ]System Registration Key: 12955763
[08/31/25 12:22 PM ]Node Lock: NVSZ3VRRIAFA
[08/31/25 12:22 PM ]
[08/31/25 12:22 PM ]----------------------------------------
[08/31/25 12:22 PM ]Unreg #0 54HD-89NKHU-6ZNBCG-DCZD
[08/31/25 12:22 PM ]
[08/31/25 12:22 PM ]
[08/31/25 12:22 PM ]License: Delphi 12.1 Athens Community Edition yr 2
[08/31/25 12:22 PM ]Registration Key=12955763
[08/31/25 12:22 PM ]Serial Number=54HD-89NKHU-6ZNBCG-DCZD
[08/31/25 12:22 PM ]
[08/31/25 12:22 PM ]
[08/31/25 12:22 PM ]License: Delphi 12.1 Athens Community Edition yr 2
[08/31/25 12:22 PM ]Registration Key=12955763
[08/31/25 12:22 PM ]Serial Number=54HD-89NKHU-6ZNBCG-DCZD
[08/31/25 12:23 PM ]----------------------------------------
[08/31/25 12:23 PM ]Operating System: Windows
[08/31/25 12:23 PM ]Current User: thepr
[08/31/25 12:23 PM ]System Registration Key: 12955763
[08/31/25 12:23 PM ]Node Lock: NVSZ3VRRIAFA
[08/31/25 12:23 PM ]
[08/31/25 12:23 PM ]----------------------------------------
[08/31/25 12:23 PM ]
[08/31/25 12:23 PM ]
[08/31/25 12:23 PM ]License: Delphi 12.1 Athens Community Edition yr 2
[08/31/25 12:23 PM ]Registration Key=12955763
[08/31/25 12:23 PM ]Serial Number=54HD-89NKHU-6ZNBCG-DCZD
[08/31/25 12:23 PM ]
[08/31/25 12:23 PM ]
[08/31/25 12:23 PM ]License: Delphi 12.1 Athens Community Edition yr 2
[08/31/25 12:23 PM ]Registration Key=12955763
[08/31/25 12:23 PM ]Serial Number=54HD-89NKHU-6ZNBCG-DCZD
[08/31/25 12:23 PM ][Subscription Client] [8/31/2025 12:23:28 PM] DEBUG: License verification thread has started.  The following ids have been submitted to Subscription Monitor: ProductID=>8223,ProductID=>8223,ProductID=>2029,
[08/31/25 12:23 PM ][Subscription Client] [8/31/2025 12:23:28 PM] DEBUG: No license verification call is necessary at this time.  Next verification call will be made on 9/28/2025.
[08/31/25 01:03 PM ]----------------------------------------
[08/31/25 01:03 PM ]Operating System: Windows
[08/31/25 01:03 PM ]Current User: thepr
[08/31/25 01:03 PM ]System Registration Key: 12955763
[08/31/25 01:03 PM ]Node Lock: NVSZ3VRRIAFA
[08/31/25 01:03 PM ]
[08/31/25 01:03 PM ]----------------------------------------
[08/31/25 01:03 PM ]
[08/31/25 01:03 PM ]
[08/31/25 01:03 PM ]License: Delphi 12.1 Athens Community Edition yr 2
[08/31/25 01:03 PM ]Registration Key=12955763
[08/31/25 01:03 PM ]Serial Number=54HD-89NKHU-6ZNBCG-DCZD
[08/31/25 01:03 PM ]
[08/31/25 01:03 PM ]
[08/31/25 01:03 PM ]License: Delphi 12.1 Athens Community Edition yr 2
[08/31/25 01:03 PM ]Registration Key=12955763
[08/31/25 01:03 PM ]Serial Number=54HD-89NKHU-6ZNBCG-DCZD
[08/31/25 01:03 PM ][Subscription Client] [8/31/2025 1:03:50 PM] DEBUG: License verification thread has started.  The following ids have been submitted to Subscription Monitor: ProductID=>8223,ProductID=>8223,ProductID=>2029,
[08/31/25 01:03 PM ][Subscription Client] [8/31/2025 1:03:50 PM] DEBUG: No license verification call is necessary at this time.  Next verification call will be made on 9/28/2025.
[08/31/25 03:03 PM ][Subscription Client] [8/31/2025 3:03:50 PM] DEBUG: No license verification call is necessary at this time.  Next verification call will be made on 9/28/2025.
[08/31/25 05:03 PM ][Subscription Client] [8/31/2025 5:03:50 PM] DEBUG: No license verification call is necessary at this time.  Next verification call will be made on 9/28/2025.
[09/02/25 01:18 AM ]----------------------------------------
[09/02/25 01:18 AM ]Operating System: Windows
[09/02/25 01:18 AM ]Current User: thepr
[09/02/25 01:18 AM ]System Registration Key: 12955763
[09/02/25 01:18 AM ]Node Lock: NVSZ3VRRIAFA
[09/02/25 01:18 AM ]
[09/02/25 01:18 AM ]----------------------------------------
[09/02/25 01:18 AM ]
[09/02/25 01:18 AM ]
[09/02/25 01:18 AM ]License: Delphi 12.1 Athens Community Edition yr 2
[09/02/25 01:18 AM ]Registration Key=12955763
[09/02/25 01:18 AM ]Serial Number=54HD-89NKHU-6ZNBCG-DCZD
[09/02/25 01:18 AM ]
[09/02/25 01:18 AM ]
[09/02/25 01:18 AM ]License: Delphi 12.1 Athens Community Edition yr 2
[09/02/25 01:18 AM ]Registration Key=12955763
[09/02/25 01:18 AM ]Serial Number=54HD-89NKHU-6ZNBCG-DCZD
[09/02/25 01:18 AM ][Subscription Client] [9/2/2025 1:18:24 AM] DEBUG: License verification thread has started.  The following ids have been submitted to Subscription Monitor: ProductID=>8223,ProductID=>8223,ProductID=>2029,
[09/02/25 01:18 AM ][Subscription Client] [9/2/2025 1:18:24 AM] DEBUG: No license verification call is necessary at this time.  Next verification call will be made on 9/28/2025.
